2019-10-15 15:22:05,695 [Worker-4: Loading available Gradle versions] INFO  o.e.b.c.i.u.g.PublishedGradleVersions - Gradle version information cache is up-to-date. Trying to read.
2019-10-15 15:26:28,706 [Worker-18: Enabling Maven Dependency Management] INFO  o.e.m.c.i.l.LifecycleMappingFactory - Using org.maven.ide.eclipse.wtp.WarLifecycleMapping lifecycle mapping for MavenProject: AutomateAvecEtat:AutomateAvecEtat:0.0.1-SNAPSHOT @ /Users/axelc/Code/imt_atlantique/mod_concept/AutomateAvecEtat/pom.xml.
2019-10-15 15:26:29,438 [Worker-18: Enabling Maven Dependency Management] INFO  o.e.m.j.i.AbstractJavaProjectConfigurator - Adding source folder /AutomateAvecEtat/src
2019-10-15 15:26:29,439 [Worker-18: Enabling Maven Dependency Management] INFO  o.e.m.j.i.AbstractJavaProjectConfigurator - Not adding source folder /AutomateAvecEtat/src/test/java because it overlaps with /AutomateAvecEtat/src
2019-10-15 15:26:29,675 [Worker-18: Enabling Maven Dependency Management] INFO  o.e.m.c.i.p.ProjectConfigurationManager - Update started
2019-10-15 15:26:29,861 [Worker-18: Enabling Maven Dependency Management] INFO  o.e.m.c.i.l.LifecycleMappingFactory - Using org.maven.ide.eclipse.wtp.WarLifecycleMapping lifecycle mapping for MavenProject: AutomateAvecEtat:AutomateAvecEtat:0.0.1-SNAPSHOT @ /Users/axelc/Code/imt_atlantique/mod_concept/AutomateAvecEtat/pom.xml.
2019-10-15 15:26:30,249 [Worker-18: Enabling Maven Dependency Management] INFO  o.e.m.j.i.AbstractJavaProjectConfigurator - Adding source folder /AutomateAvecEtat/src
2019-10-15 15:26:30,249 [Worker-18: Enabling Maven Dependency Management] INFO  o.e.m.j.i.AbstractJavaProjectConfigurator - Not adding source folder /AutomateAvecEtat/src/test/java because it overlaps with /AutomateAvecEtat/src
2019-10-15 15:26:30,342 [Worker-18: Enabling Maven Dependency Management] INFO  o.e.m.w.i.f.ResourceFilteringBuildParticipant - Cleaning filtered folder for AutomateAvecEtat
2019-10-15 15:26:30,354 [Worker-18: Enabling Maven Dependency Management] INFO  o.e.m.c.i.p.ProjectConfigurationManager - Update completed: 0 sec
2019-10-15 15:26:30,501 [Worker-15: Building workspace] WARN  o.e.m.c.i.embedder.EclipseLogger - Using platform encoding (UTF-8 actually) to copy filtered resources, i.e. build is platform dependent!
2019-10-15 15:26:30,502 [Worker-15: Building workspace] INFO  o.e.m.c.i.embedder.EclipseLogger - skip non existing resourceDirectory /Users/axelc/Code/imt_atlantique/mod_concept/AutomateAvecEtat/src/main/resources
2019-10-15 15:26:30,531 [Worker-15: Building workspace] WARN  o.e.m.c.i.embedder.EclipseLogger - Using platform encoding (UTF-8 actually) to copy filtered resources, i.e. build is platform dependent!
2019-10-15 15:26:30,532 [Worker-15: Building workspace] INFO  o.e.m.c.i.embedder.EclipseLogger - skip non existing resourceDirectory /Users/axelc/Code/imt_atlantique/mod_concept/AutomateAvecEtat/src/test/resources
2019-10-15 15:26:30,533 [Worker-15: Building workspace] INFO  o.e.m.w.i.f.ResourceFilteringBuildParticipant - Changed resources require a complete clean of filtered resources of AutomateAvecEtat
2019-10-15 15:26:30,533 [Worker-15: Building workspace] INFO  o.e.m.w.i.f.ResourceFilteringBuildParticipant - Executing resource filtering for AutomateAvecEtat
2019-10-15 15:26:30,537 [Worker-15: Building workspace] WARN  o.e.m.c.i.embedder.EclipseLogger - The POM for org.apache.maven.plugins:maven-clean-plugin:jar:2.5 is missing, no dependency information available
2019-10-15 15:26:30,543 [Worker-15: Building workspace] WARN  o.e.m.c.i.embedder.EclipseLogger - Using platform encoding (UTF-8 actually) to copy filtered resources, i.e. build is platform dependent!
2019-10-15 15:26:59,852 [Worker-21: Building workspace] INFO  o.e.m.c.i.l.LifecycleMappingFactory - Using org.maven.ide.eclipse.wtp.WarLifecycleMapping lifecycle mapping for MavenProject: AutomateAvecEtat:AutomateAvecEtat:0.0.1-SNAPSHOT @ /Users/axelc/Code/imt_atlantique/mod_concept/AutomateAvecEtat/pom.xml.
2019-10-15 15:27:00,397 [Worker-21: Building workspace] WARN  o.e.m.c.i.embedder.EclipseLogger - Using platform encoding (UTF-8 actually) to copy filtered resources, i.e. build is platform dependent!
2019-10-15 15:27:00,398 [Worker-21: Building workspace] INFO  o.e.m.c.i.embedder.EclipseLogger - skip non existing resourceDirectory /Users/axelc/Code/imt_atlantique/mod_concept/AutomateAvecEtat/src/main/resources
2019-10-15 15:27:00,399 [Worker-21: Building workspace] WARN  o.e.m.c.i.embedder.EclipseLogger - Using platform encoding (UTF-8 actually) to copy filtered resources, i.e. build is platform dependent!
2019-10-15 15:27:00,400 [Worker-21: Building workspace] INFO  o.e.m.c.i.embedder.EclipseLogger - skip non existing resourceDirectory /Users/axelc/Code/imt_atlantique/mod_concept/AutomateAvecEtat/src/test/resources
2019-10-15 15:27:00,400 [Worker-21: Building workspace] INFO  o.e.m.w.i.f.ResourceFilteringBuildParticipant - Changed resources require a complete clean of filtered resources of AutomateAvecEtat
2019-10-15 15:27:00,401 [Worker-21: Building workspace] INFO  o.e.m.w.i.f.ResourceFilteringBuildParticipant - Executing resource filtering for AutomateAvecEtat
2019-10-15 15:27:00,403 [Worker-21: Building workspace] WARN  o.e.m.c.i.embedder.EclipseLogger - Using platform encoding (UTF-8 actually) to copy filtered resources, i.e. build is platform dependent!
2019-10-15 15:27:21,498 [Worker-22: Building workspace] WARN  o.e.m.c.i.embedder.EclipseLogger - Using platform encoding (UTF-8 actually) to copy filtered resources, i.e. build is platform dependent!
2019-10-15 15:27:21,499 [Worker-22: Building workspace] INFO  o.e.m.c.i.embedder.EclipseLogger - skip non existing resourceDirectory /Users/axelc/Code/imt_atlantique/mod_concept/AutomateAvecEtat/src/main/resources
2019-10-15 15:27:21,500 [Worker-22: Building workspace] WARN  o.e.m.c.i.embedder.EclipseLogger - Using platform encoding (UTF-8 actually) to copy filtered resources, i.e. build is platform dependent!
2019-10-15 15:27:21,501 [Worker-22: Building workspace] INFO  o.e.m.c.i.embedder.EclipseLogger - skip non existing resourceDirectory /Users/axelc/Code/imt_atlantique/mod_concept/AutomateAvecEtat/src/test/resources
2019-10-15 15:27:33,496 [Worker-18: Updating Maven Project] INFO  o.e.m.c.i.p.ProjectConfigurationManager - Update started
2019-10-15 15:27:33,676 [Worker-18: Updating Maven Project] INFO  o.e.m.c.i.l.LifecycleMappingFactory - Using org.maven.ide.eclipse.wtp.WarLifecycleMapping lifecycle mapping for MavenProject: AutomateAvecEtat:AutomateAvecEtat:0.0.1-SNAPSHOT @ /Users/axelc/Code/imt_atlantique/mod_concept/AutomateAvecEtat/pom.xml.
2019-10-15 15:27:34,028 [Worker-18: Updating Maven Project] INFO  o.e.m.j.i.AbstractJavaProjectConfigurator - Adding source folder /AutomateAvecEtat/src
2019-10-15 15:27:34,028 [Worker-18: Updating Maven Project] INFO  o.e.m.j.i.AbstractJavaProjectConfigurator - Not adding source folder /AutomateAvecEtat/src/test/java because it overlaps with /AutomateAvecEtat/src
2019-10-15 15:27:34,185 [Worker-18: Updating Maven Project] INFO  o.e.m.w.i.f.ResourceFilteringBuildParticipant - Cleaning filtered folder for AutomateAvecEtat
2019-10-15 15:27:34,187 [Worker-18: Updating Maven Project] INFO  o.e.m.c.i.p.ProjectConfigurationManager - Update completed: 0 sec
2019-10-15 15:27:34,375 [Worker-17: Building workspace] WARN  o.e.m.c.i.embedder.EclipseLogger - Using platform encoding (UTF-8 actually) to copy filtered resources, i.e. build is platform dependent!
2019-10-15 15:27:34,376 [Worker-17: Building workspace] INFO  o.e.m.c.i.embedder.EclipseLogger - skip non existing resourceDirectory /Users/axelc/Code/imt_atlantique/mod_concept/AutomateAvecEtat/src/main/resources
2019-10-15 15:27:34,378 [Worker-17: Building workspace] WARN  o.e.m.c.i.embedder.EclipseLogger - Using platform encoding (UTF-8 actually) to copy filtered resources, i.e. build is platform dependent!
2019-10-15 15:27:34,379 [Worker-17: Building workspace] INFO  o.e.m.c.i.embedder.EclipseLogger - skip non existing resourceDirectory /Users/axelc/Code/imt_atlantique/mod_concept/AutomateAvecEtat/src/test/resources
2019-10-15 15:27:34,379 [Worker-17: Building workspace] INFO  o.e.m.w.i.f.ResourceFilteringBuildParticipant - Changed resources require a complete clean of filtered resources of AutomateAvecEtat
2019-10-15 15:27:34,379 [Worker-17: Building workspace] INFO  o.e.m.w.i.f.ResourceFilteringBuildParticipant - Executing resource filtering for AutomateAvecEtat
2019-10-15 15:27:34,382 [Worker-17: Building workspace] WARN  o.e.m.c.i.embedder.EclipseLogger - Using platform encoding (UTF-8 actually) to copy filtered resources, i.e. build is platform dependent!
2019-10-15 15:28:24,666 [Worker-17: Building workspace] WARN  o.e.m.c.i.embedder.EclipseLogger - Using platform encoding (UTF-8 actually) to copy filtered resources, i.e. build is platform dependent!
2019-10-15 15:28:24,667 [Worker-17: Building workspace] INFO  o.e.m.c.i.embedder.EclipseLogger - skip non existing resourceDirectory /Users/axelc/Code/imt_atlantique/mod_concept/AutomateAvecEtat/src/main/resources
2019-10-15 15:28:24,668 [Worker-17: Building workspace] WARN  o.e.m.c.i.embedder.EclipseLogger - Using platform encoding (UTF-8 actually) to copy filtered resources, i.e. build is platform dependent!
2019-10-15 15:28:24,668 [Worker-17: Building workspace] INFO  o.e.m.c.i.embedder.EclipseLogger - skip non existing resourceDirectory /Users/axelc/Code/imt_atlantique/mod_concept/AutomateAvecEtat/src/test/resources
2019-10-15 15:29:44,917 [Worker-14: Building workspace] WARN  o.e.m.c.i.embedder.EclipseLogger - Using platform encoding (UTF-8 actually) to copy filtered resources, i.e. build is platform dependent!
2019-10-15 15:29:44,918 [Worker-14: Building workspace] INFO  o.e.m.c.i.embedder.EclipseLogger - skip non existing resourceDirectory /Users/axelc/Code/imt_atlantique/mod_concept/AutomateAvecEtat/src/main/resources
2019-10-15 15:29:44,918 [Worker-14: Building workspace] WARN  o.e.m.c.i.embedder.EclipseLogger - Using platform encoding (UTF-8 actually) to copy filtered resources, i.e. build is platform dependent!
2019-10-15 15:29:44,919 [Worker-14: Building workspace] INFO  o.e.m.c.i.embedder.EclipseLogger - skip non existing resourceDirectory /Users/axelc/Code/imt_atlantique/mod_concept/AutomateAvecEtat/src/test/resources
2019-10-15 15:30:14,131 [Worker-22: Building workspace] WARN  o.e.m.c.i.embedder.EclipseLogger - Using platform encoding (UTF-8 actually) to copy filtered resources, i.e. build is platform dependent!
2019-10-15 15:30:14,132 [Worker-22: Building workspace] INFO  o.e.m.c.i.embedder.EclipseLogger - skip non existing resourceDirectory /Users/axelc/Code/imt_atlantique/mod_concept/AutomateAvecEtat/src/main/resources
2019-10-15 15:30:14,132 [Worker-22: Building workspace] WARN  o.e.m.c.i.embedder.EclipseLogger - Using platform encoding (UTF-8 actually) to copy filtered resources, i.e. build is platform dependent!
2019-10-15 15:30:14,133 [Worker-22: Building workspace] INFO  o.e.m.c.i.embedder.EclipseLogger - skip non existing resourceDirectory /Users/axelc/Code/imt_atlantique/mod_concept/AutomateAvecEtat/src/test/resources
2019-10-15 15:30:24,290 [Worker-19: Building workspace] WARN  o.e.m.c.i.embedder.EclipseLogger - Using platform encoding (UTF-8 actually) to copy filtered resources, i.e. build is platform dependent!
2019-10-15 15:30:24,290 [Worker-19: Building workspace] INFO  o.e.m.c.i.embedder.EclipseLogger - skip non existing resourceDirectory /Users/axelc/Code/imt_atlantique/mod_concept/AutomateAvecEtat/src/main/resources
2019-10-15 15:30:24,291 [Worker-19: Building workspace] WARN  o.e.m.c.i.embedder.EclipseLogger - Using platform encoding (UTF-8 actually) to copy filtered resources, i.e. build is platform dependent!
2019-10-15 15:30:24,292 [Worker-19: Building workspace] INFO  o.e.m.c.i.embedder.EclipseLogger - skip non existing resourceDirectory /Users/axelc/Code/imt_atlantique/mod_concept/AutomateAvecEtat/src/test/resources
2019-10-15 15:31:37,267 [Worker-17: Building workspace] WARN  o.e.m.c.i.embedder.EclipseLogger - Using platform encoding (UTF-8 actually) to copy filtered resources, i.e. build is platform dependent!
2019-10-15 15:31:37,268 [Worker-17: Building workspace] INFO  o.e.m.c.i.embedder.EclipseLogger - skip non existing resourceDirectory /Users/axelc/Code/imt_atlantique/mod_concept/AutomateAvecEtat/src/main/resources
2019-10-15 15:31:37,269 [Worker-17: Building workspace] WARN  o.e.m.c.i.embedder.EclipseLogger - Using platform encoding (UTF-8 actually) to copy filtered resources, i.e. build is platform dependent!
2019-10-15 15:31:37,269 [Worker-17: Building workspace] INFO  o.e.m.c.i.embedder.EclipseLogger - skip non existing resourceDirectory /Users/axelc/Code/imt_atlantique/mod_concept/AutomateAvecEtat/src/test/resources
2019-10-15 15:34:23,823 [Worker-14: Building workspace] WARN  o.e.m.c.i.embedder.EclipseLogger - Using platform encoding (UTF-8 actually) to copy filtered resources, i.e. build is platform dependent!
2019-10-15 15:34:23,824 [Worker-14: Building workspace] INFO  o.e.m.c.i.embedder.EclipseLogger - skip non existing resourceDirectory /Users/axelc/Code/imt_atlantique/mod_concept/AutomateAvecEtat/src/main/resources
2019-10-15 15:34:23,825 [Worker-14: Building workspace] WARN  o.e.m.c.i.embedder.EclipseLogger - Using platform encoding (UTF-8 actually) to copy filtered resources, i.e. build is platform dependent!
2019-10-15 15:34:23,825 [Worker-14: Building workspace] INFO  o.e.m.c.i.embedder.EclipseLogger - skip non existing resourceDirectory /Users/axelc/Code/imt_atlantique/mod_concept/AutomateAvecEtat/src/test/resources
2019-10-15 15:34:28,980 [Worker-3: Building workspace] WARN  o.e.m.c.i.embedder.EclipseLogger - Using platform encoding (UTF-8 actually) to copy filtered resources, i.e. build is platform dependent!
2019-10-15 15:34:28,981 [Worker-3: Building workspace] INFO  o.e.m.c.i.embedder.EclipseLogger - skip non existing resourceDirectory /Users/axelc/Code/imt_atlantique/mod_concept/AutomateAvecEtat/src/main/resources
2019-10-15 15:34:28,982 [Worker-3: Building workspace] WARN  o.e.m.c.i.embedder.EclipseLogger - Using platform encoding (UTF-8 actually) to copy filtered resources, i.e. build is platform dependent!
2019-10-15 15:34:28,983 [Worker-3: Building workspace] INFO  o.e.m.c.i.embedder.EclipseLogger - skip non existing resourceDirectory /Users/axelc/Code/imt_atlantique/mod_concept/AutomateAvecEtat/src/test/resources
2019-10-15 15:35:05,936 [Worker-3: Building workspace] WARN  o.e.m.c.i.embedder.EclipseLogger - Using platform encoding (UTF-8 actually) to copy filtered resources, i.e. build is platform dependent!
2019-10-15 15:35:05,936 [Worker-3: Building workspace] INFO  o.e.m.c.i.embedder.EclipseLogger - skip non existing resourceDirectory /Users/axelc/Code/imt_atlantique/mod_concept/AutomateAvecEtat/src/main/resources
2019-10-15 15:35:05,937 [Worker-3: Building workspace] WARN  o.e.m.c.i.embedder.EclipseLogger - Using platform encoding (UTF-8 actually) to copy filtered resources, i.e. build is platform dependent!
2019-10-15 15:35:05,938 [Worker-3: Building workspace] INFO  o.e.m.c.i.embedder.EclipseLogger - skip non existing resourceDirectory /Users/axelc/Code/imt_atlantique/mod_concept/AutomateAvecEtat/src/test/resources
2019-10-15 15:44:48,034 [Worker-32: Building workspace] WARN  o.e.m.c.i.embedder.EclipseLogger - Using platform encoding (UTF-8 actually) to copy filtered resources, i.e. build is platform dependent!
2019-10-15 15:44:48,035 [Worker-32: Building workspace] INFO  o.e.m.c.i.embedder.EclipseLogger - skip non existing resourceDirectory /Users/axelc/Code/imt_atlantique/mod_concept/AutomateAvecEtat/src/main/resources
2019-10-15 15:44:48,036 [Worker-32: Building workspace] WARN  o.e.m.c.i.embedder.EclipseLogger - Using platform encoding (UTF-8 actually) to copy filtered resources, i.e. build is platform dependent!
2019-10-15 15:44:48,037 [Worker-32: Building workspace] INFO  o.e.m.c.i.embedder.EclipseLogger - skip non existing resourceDirectory /Users/axelc/Code/imt_atlantique/mod_concept/AutomateAvecEtat/src/test/resources
